C:\Users\Irina\Desktop\training\NewIntership_23_05_2013_v2\NewIntership_23_05_2013\NewTrainingFramework\\BIN-ATI\NewTrainingFramework.exe
C:\Users\Irina\Desktop\training\NewIntership_23_05_2013_v2\NewIntership_23_05_2013\NewTrainingFramework\\BIN-ATI\NewTrainingFramework.ilk
C:\Users\Irina\Desktop\training\NewIntership_23_05_2013_v2\NewIntership_23_05_2013\NewTrainingFramework\\BIN-ATI\NewTrainingFramework.pdb
C:\USERS\IRINA\DESKTOP\TRAINING\NEWINTERSHIP_23_05_2013_V2\NEWINTERSHIP_23_05_2013\NEWTRAININGFRAMEWORK\BIN-ATI\NEWTRAININGFRAMEWORK.EXE
C:\USERS\IRINA\DESKTOP\TRAINING\NEWINTERSHIP_23_05_2013_V2\NEWINTERSHIP_23_05_2013\NEWTRAININGFRAMEWORK\BIN-ATI\NEWTRAININGFRAMEWORK.ILK
C:\USERS\IRINA\DESKTOP\TRAINING\NEWINTERSHIP_23_05_2013_V2\NEWINTERSHIP_23_05_2013\NEWTRAININGFRAMEWORK\BIN-ATI\NEWTRAININGFRAMEWORK.PDB
C:\Users\Irina\Desktop\training\NewIntership_23_05_2013_v2\NewIntership_23_05_2013\NewTrainingFramework\NewTrainingFramework\Debug-ATI\cl.command.1.tlog
C:\Users\Irina\Desktop\training\NewIntership_23_05_2013_v2\NewIntership_23_05_2013\NewTrainingFramework\NewTrainingFramework\Debug-ATI\CL.read.1.tlog
C:\Users\Irina\Desktop\training\NewIntership_23_05_2013_v2\NewIntership_23_05_2013\NewTrainingFramework\NewTrainingFramework\Debug-ATI\CL.write.1.tlog
C:\Users\Irina\Desktop\training\NewIntership_23_05_2013_v2\NewIntership_23_05_2013\NewTrainingFramework\NewTrainingFramework\Debug-ATI\link.8352.read.1.tlog
C:\Users\Irina\Desktop\training\NewIntership_23_05_2013_v2\NewIntership_23_05_2013\NewTrainingFramework\NewTrainingFramework\Debug-ATI\link.8352.write.1.tlog
C:\Users\Irina\Desktop\training\NewIntership_23_05_2013_v2\NewIntership_23_05_2013\NewTrainingFramework\NewTrainingFramework\Debug-ATI\link.8352-cvtres.read.1.tlog
C:\Users\Irina\Desktop\training\NewIntership_23_05_2013_v2\NewIntership_23_05_2013\NewTrainingFramework\NewTrainingFramework\Debug-ATI\link.8352-cvtres.write.1.tlog
C:\Users\Irina\Desktop\training\NewIntership_23_05_2013_v2\NewIntership_23_05_2013\NewTrainingFramework\NewTrainingFramework\Debug-ATI\link.command.1.tlog
C:\Users\Irina\Desktop\training\NewIntership_23_05_2013_v2\NewIntership_23_05_2013\NewTrainingFramework\NewTrainingFramework\Debug-ATI\link.read.1.tlog
C:\Users\Irina\Desktop\training\NewIntership_23_05_2013_v2\NewIntership_23_05_2013\NewTrainingFramework\NewTrainingFramework\Debug-ATI\link.write.1.tlog
C:\Users\Irina\Desktop\training\NewIntership_23_05_2013_v2\NewIntership_23_05_2013\NewTrainingFramework\NewTrainingFramework\Debug-ATI\link-cvtres.read.1.tlog
C:\Users\Irina\Desktop\training\NewIntership_23_05_2013_v2\NewIntership_23_05_2013\NewTrainingFramework\NewTrainingFramework\Debug-ATI\link-cvtres.write.1.tlog
C:\Users\Irina\Desktop\training\NewIntership_23_05_2013_v2\NewIntership_23_05_2013\NewTrainingFramework\NewTrainingFramework\Debug-ATI\mt.command.1.tlog
C:\Users\Irina\Desktop\training\NewIntership_23_05_2013_v2\NewIntership_23_05_2013\NewTrainingFramework\NewTrainingFramework\Debug-ATI\mt.read.1.tlog
C:\Users\Irina\Desktop\training\NewIntership_23_05_2013_v2\NewIntership_23_05_2013\NewTrainingFramework\NewTrainingFramework\Debug-ATI\mt.write.1.tlog
C:\USERS\IRINA\DESKTOP\TRAINING\NEWINTERSHIP_23_05_2013_V2\NEWINTERSHIP_23_05_2013\NEWTRAININGFRAMEWORK\NEWTRAININGFRAMEWORK\DEBUG-ATI\NEWTRAININGFRAMEWORK.EXE.EMBED.MANIFEST
C:\USERS\IRINA\DESKTOP\TRAINING\NEWINTERSHIP_23_05_2013_V2\NEWINTERSHIP_23_05_2013\NEWTRAININGFRAMEWORK\NEWTRAININGFRAMEWORK\DEBUG-ATI\NEWTRAININGFRAMEWORK.EXE.EMBED.MANIFEST.RES
C:\USERS\IRINA\DESKTOP\TRAINING\NEWINTERSHIP_23_05_2013_V2\NEWINTERSHIP_23_05_2013\NEWTRAININGFRAMEWORK\NEWTRAININGFRAMEWORK\DEBUG-ATI\NEWTRAININGFRAMEWORK.EXE.INTERMEDIATE.MANIFEST
C:\USERS\IRINA\DESKTOP\TRAINING\NEWINTERSHIP_23_05_2013_V2\NEWINTERSHIP_23_05_2013\NEWTRAININGFRAMEWORK\NEWTRAININGFRAMEWORK\DEBUG-ATI\NEWTRAININGFRAMEWORK.OBJ
C:\USERS\IRINA\DESKTOP\TRAINING\NEWINTERSHIP_23_05_2013_V2\NEWINTERSHIP_23_05_2013\NEWTRAININGFRAMEWORK\NEWTRAININGFRAMEWORK\DEBUG-ATI\NEWTRAININGFRAMEWORK.PCH
C:\Users\Irina\Desktop\training\NewIntership_23_05_2013_v2\NewIntership_23_05_2013\NewTrainingFramework\NewTrainingFramework\Debug-ATI\NewTrainingFramework.write.1.tlog
C:\Users\Irina\Desktop\training\NewIntership_23_05_2013_v2\NewIntership_23_05_2013\NewTrainingFramework\NewTrainingFramework\Debug-ATI\NewTrainingFramework_manifest.rc
C:\Users\Irina\Desktop\training\NewIntership_23_05_2013_v2\NewIntership_23_05_2013\NewTrainingFramework\NewTrainingFramework\Debug-ATI\rc.command.1.tlog
C:\Users\Irina\Desktop\training\NewIntership_23_05_2013_v2\NewIntership_23_05_2013\NewTrainingFramework\NewTrainingFramework\Debug-ATI\rc.read.1.tlog
C:\Users\Irina\Desktop\training\NewIntership_23_05_2013_v2\NewIntership_23_05_2013\NewTrainingFramework\NewTrainingFramework\Debug-ATI\rc.write.1.tlog
C:\USERS\IRINA\DESKTOP\TRAINING\NEWINTERSHIP_23_05_2013_V2\NEWINTERSHIP_23_05_2013\NEWTRAININGFRAMEWORK\NEWTRAININGFRAMEWORK\DEBUG-ATI\SHADERS.OBJ
C:\USERS\IRINA\DESKTOP\TRAINING\NEWINTERSHIP_23_05_2013_V2\NEWINTERSHIP_23_05_2013\NEWTRAININGFRAMEWORK\NEWTRAININGFRAMEWORK\DEBUG-ATI\STDAFX.OBJ
C:\Users\Irina\Desktop\training\NewIntership_23_05_2013_v2\NewIntership_23_05_2013\NewTrainingFramework\NewTrainingFramework\Debug-ATI\vc100.idb
C:\USERS\IRINA\DESKTOP\TRAINING\NEWINTERSHIP_23_05_2013_V2\NEWINTERSHIP_23_05_2013\NEWTRAININGFRAMEWORK\NEWTRAININGFRAMEWORK\DEBUG-ATI\VC100.PDB
