d:\documents\github\proiect-grafica\proiect_grafica\newtrainingframework\newtrainingframework\debug-nvidia\newtrainingframework.pch
d:\documents\github\proiect-grafica\proiect_grafica\newtrainingframework\newtrainingframework\debug-nvidia\vc143.pdb
d:\documents\github\proiect-grafica\proiect_grafica\newtrainingframework\newtrainingframework\debug-nvidia\vc143.idb
d:\documents\github\proiect-grafica\proiect_grafica\newtrainingframework\newtrainingframework\debug-nvidia\stdafx.obj
d:\documents\github\proiect-grafica\proiect_grafica\newtrainingframework\newtrainingframework\debug-nvidia\camera.obj
d:\documents\github\proiect-grafica\proiect_grafica\newtrainingframework\newtrainingframework\debug-nvidia\model.obj
d:\documents\github\proiect-grafica\proiect_grafica\newtrainingframework\newtrainingframework\debug-nvidia\newtrainingframework.obj
d:\documents\github\proiect-grafica\proiect_grafica\newtrainingframework\newtrainingframework\debug-nvidia\resourcemanager.obj
d:\documents\github\proiect-grafica\proiect_grafica\newtrainingframework\newtrainingframework\debug-nvidia\scenemanager.obj
d:\documents\github\proiect-grafica\proiect_grafica\newtrainingframework\newtrainingframework\debug-nvidia\sceneobject.obj
d:\documents\github\proiect-grafica\proiect_grafica\newtrainingframework\newtrainingframework\debug-nvidia\shader.obj
d:\documents\github\proiect-grafica\proiect_grafica\newtrainingframework\newtrainingframework\debug-nvidia\control.obj
d:\documents\github\proiect-grafica\proiect_grafica\newtrainingframework\newtrainingframework\debug-nvidia\terrainobject.obj
d:\documents\github\proiect-grafica\proiect_grafica\newtrainingframework\newtrainingframework\debug-nvidia\texture.obj
d:\documents\github\proiect-grafica\proiect_grafica\newtrainingframework\newtrainingframework\debug-nvidia\shaders (2).obj
d:\documents\github\proiect-grafica\proiect_grafica\newtrainingframework\newtrainingframework\debug-nvidia\shaders.obj
c:\users\alexa\documents\github\proiect-grafica\proiect_grafica\newtrainingframework\newtrainingframework\debug-nvidia\newtrainingframework.pch
c:\users\alexa\documents\github\proiect-grafica\proiect_grafica\newtrainingframework\newtrainingframework\debug-nvidia\vc143.pdb
c:\users\alexa\documents\github\proiect-grafica\proiect_grafica\newtrainingframework\newtrainingframework\debug-nvidia\vc143.idb
c:\users\alexa\documents\github\proiect-grafica\proiect_grafica\newtrainingframework\newtrainingframework\debug-nvidia\stdafx.obj
c:\users\alexa\documents\github\proiect-grafica\proiect_grafica\newtrainingframework\newtrainingframework\debug-nvidia\control.obj
c:\users\alexa\documents\github\proiect-grafica\proiect_grafica\newtrainingframework\newtrainingframework\debug-nvidia\model.obj
c:\users\alexa\documents\github\proiect-grafica\proiect_grafica\newtrainingframework\newtrainingframework\debug-nvidia\newtrainingframework.obj
c:\users\alexa\documents\github\proiect-grafica\proiect_grafica\newtrainingframework\newtrainingframework\debug-nvidia\resourcemanager.obj
c:\users\alexa\documents\github\proiect-grafica\proiect_grafica\newtrainingframework\newtrainingframework\debug-nvidia\scenemanager.obj
c:\users\alexa\documents\github\proiect-grafica\proiect_grafica\newtrainingframework\newtrainingframework\debug-nvidia\sceneobject.obj
c:\users\alexa\documents\github\proiect-grafica\proiect_grafica\newtrainingframework\newtrainingframework\debug-nvidia\shader.obj
c:\users\alexa\documents\github\proiect-grafica\proiect_grafica\newtrainingframework\newtrainingframework\debug-nvidia\camera.obj
c:\users\alexa\documents\github\proiect-grafica\proiect_grafica\newtrainingframework\newtrainingframework\debug-nvidia\terrainobject.obj
c:\users\alexa\documents\github\proiect-grafica\proiect_grafica\newtrainingframework\newtrainingframework\debug-nvidia\texture.obj
c:\users\alexa\documents\grafica\proiect_2015\proiect_2015\newtrainingframework_2015\bin-nvidia\newtrainingframework.ipdb
c:\users\alexa\documents\grafica\proiect_2015\proiect_2015\newtrainingframework_2015\bin-nvidia\newtrainingframework.iobj
d:\documents\github\proiect-grafica\proiect_grafica\newtrainingframework\bin-nvidia\newtrainingframework.ipdb
d:\documents\github\proiect-grafica\proiect_grafica\newtrainingframework\bin-nvidia\newtrainingframework.iobj
c:\users\alexa\desktop\proiect_2015\newtrainingframework_2015\bin-nvidia\newtrainingframework.ipdb
c:\users\alexa\desktop\proiect_2015\newtrainingframework_2015\bin-nvidia\newtrainingframework.iobj
c:\users\alexa\documents\github\proiect-grafica\proiect_grafica\newtrainingframework\bin-nvidia\newtrainingframework.ipdb
c:\users\alexa\documents\github\proiect-grafica\proiect_grafica\newtrainingframework\bin-nvidia\newtrainingframework.iobj
c:\users\alexa\documents\github\proiect-grafica\proiect_grafica\newtrainingframework\newtrainingframework\debug-nvidia\shaders (2).obj
c:\users\alexa\documents\github\proiect-grafica\proiect_grafica\newtrainingframework\newtrainingframework\debug-nvidia\shaders.obj
c:\users\alexa\documents\github\proiect-grafica\proiect_grafica\newtrainingframework\\bin-nvidia\newtrainingframework.pdb
c:\users\alexa\documents\github\proiect-grafica\proiect_grafica\newtrainingframework\newtrainingframework\debug-nvidia\newtrain.fc024ec8.tlog\cl.command.1.tlog
c:\users\alexa\documents\github\proiect-grafica\proiect_grafica\newtrainingframework\newtrainingframework\debug-nvidia\newtrain.fc024ec8.tlog\cl.read.1.tlog
c:\users\alexa\documents\github\proiect-grafica\proiect_grafica\newtrainingframework\newtrainingframework\debug-nvidia\newtrain.fc024ec8.tlog\cl.write.1.tlog
c:\users\alexa\documents\github\proiect-grafica\proiect_grafica\newtrainingframework\newtrainingframework\debug-nvidia\newtrain.fc024ec8.tlog\link.command.1.tlog
c:\users\alexa\documents\github\proiect-grafica\proiect_grafica\newtrainingframework\newtrainingframework\debug-nvidia\newtrain.fc024ec8.tlog\link.read.1.tlog
c:\users\alexa\documents\github\proiect-grafica\proiect_grafica\newtrainingframework\newtrainingframework\debug-nvidia\newtrain.fc024ec8.tlog\link.write.1.tlog
c:\users\alexa\documents\github\proiect-grafica\proiect_grafica\newtrainingframework\newtrainingframework\debug-nvidia\newtrain.fc024ec8.tlog\newtrainingframework.write.1u.tlog
